0 info it worked if it ends with ok
1 verbose cli [ 'node',
1 verbose cli   '/usr/local/bin/npm',
1 verbose cli   'install',
1 verbose cli   '--save-dev',
1 verbose cli   'mocha',
1 verbose cli   'chai' ]
2 info using npm@1.2.14
3 info using node@v0.8.22
4 verbose read json /Users/jaso/Dropbox/dev/jden/new/me/package.json
5 error Error: Invalid name: "<%- name %>"
5 error     at validName (/usr/local/lib/node_modules/npm/node_modules/read-package-json/read-json.js:569:40)
5 error     at final (/usr/local/lib/node_modules/npm/node_modules/read-package-json/read-json.js:340:27)
5 error     at /usr/local/lib/node_modules/npm/node_modules/read-package-json/read-json.js:140:33
5 error     at cb (/usr/local/lib/node_modules/npm/node_modules/slide/lib/async-map.js:48:11)
5 error     at /usr/local/lib/node_modules/npm/node_modules/read-package-json/read-json.js:270:40
5 error     at fs.readFile (fs.js:176:14)
5 error     at Object.oncomplete (fs.js:297:15)
6 error If you need help, you may report this log at:
6 error     <http://github.com/isaacs/npm/issues>
6 error or email it to:
6 error     <npm-@googlegroups.com>
7 error System Darwin 12.3.0
8 error command "node" "/usr/local/bin/npm" "install" "--save-dev" "mocha" "chai"
9 error cwd /Users/jaso/Dropbox/dev/jden/new/me
10 error node -v v0.8.22
11 error npm -v 1.2.14
12 verbose exit [ 1, true ]
